[13:02:09] [ServerMain/INFO]: [bootstrap] Running Java 21 (OpenJDK 64-Bit Server VM 21.0.4+7-LTS; Microsoft Microsoft-9889606) on Linux 6.5.0-1025-azure (amd64)
[13:02:09] [ServerMain/INFO]: [bootstrap] Loading Paper 1.21.3-15-master@99f4bb2 (2024-11-08T11:34:49Z) for Minecraft 1.21.3
[13:02:10] [ServerMain/INFO]: [PluginInitializerManager] Initializing plugins...
[13:02:11] [ServerMain/INFO]: [PluginInitializerManager] Initialized 28 plugins
[13:02:11] [ServerMain/INFO]: [PluginInitializerManager] Bukkit plugins (28):
 - AuthMe (5.6.0-bCUSTOM), BetterTeams (4.10.0), ChatManager (3.7.7), Chunky (1.4.28), ChunkyBorder (1.2.23), ClearChat (1.4), ClearLag (3.2.2), DuplicationPlugin (1.0), Essentials (2.21.0-dev+121-f7a8f86), EssentialsChat (2.21.0-dev+121-f7a8f86), EssentialsDiscord (2.21.0-dev+121-f7a8f86), EssentialsDiscordLink (2.21.0-dev+121-f7a8f86), EssentialsSpawn (2.21.0-dev+121-f7a8f86), LuckPerms (5.4.146), NoPlugins (8.1), OreAlert (1.0), PlaceholderAPI (2.11.6), PlugManX (2.4.1), ProtocolLib (5.4.0-SNAPSHOT-736), SkinsRestorer (15.4.4), SmoothTimber (1.27.1), Vault (1.7.3-b131), ViaBackwards (5.1.2-SNAPSHOT), ViaRewind (4.0.2), ViaVersion (5.1.1), WorldEdit (7.3.9-beta-01+e8aa544), packetevents (2.6.0), voicechat (2.5.25)
[13:02:17] [ServerMain/INFO]: Environment: Environment[sessionHost=https://sessionserver.mojang.com, servicesHost=https://api.minecraftservices.com, name=PROD]
[13:02:20] [ServerMain/INFO]: Loaded 1337 recipes
[13:02:20] [ServerMain/INFO]: Loaded 1448 advancements
[13:02:20] [Server thread/INFO]: Starting minecraft server version 1.21.3
[13:02:20] [Server thread/INFO]: Loading properties
[13:02:20] [Server thread/INFO]: This server is running Paper version 1.21.3-15-master@99f4bb2 (2024-11-08T11:34:49Z) (Implementing API version 1.21.3-R0.1-SNAPSHOT)
[13:02:21] [Server thread/INFO]: [spark] This server bundles the spark profiler. For more information please visit https://docs.papermc.io/paper/profiling
[13:02:21] [Server thread/INFO]: Using 4 threads for Netty based IO
[13:02:21] [Server thread/INFO]: Server Ping Player Sample Count: 12
[13:02:23] [Server thread/INFO]: [ca.spottedleaf.moonrise.common.util.MoonriseCommon] Paper is using 1 worker threads, 1 I/O threads
[13:02:23] [Server thread/INFO]: [ca.spottedleaf.moonrise.patches.chunk_system.scheduling.ChunkTaskScheduler] Chunk system is using population gen parallelism: true
[13:02:23] [Server thread/INFO]: Default game type: SURVIVAL
[13:02:23] [Server thread/INFO]: Generating keypair
[13:02:23] [Server thread/INFO]: Starting Minecraft server on *:25565
[13:02:24] [Server thread/INFO]: Using epoll channel type
[13:02:24] [Server thread/INFO]: Paper: Using libdeflate (Linux x86_64) compression from Velocity.
[13:02:24] [Server thread/INFO]: Paper: Using OpenSSL 1.1.x (Linux x86_64) cipher from Velocity.
[13:02:25] [Server thread/WARN]: [org.bukkit.craftbukkit.legacy.CraftLegacy] Initializing Legacy Material Support. Unless you have legacy plugins and/or data this is a bug!
